2021-08-01 17:49:22,201 [Worker-2: Loading available Gradle versions] INFO  o.e.b.c.i.u.g.PublishedGradleVersions - Gradle version information cache is up-to-date. Trying to read.
2021-08-01 17:49:58,013 [Worker-10: Importing Maven projects] INFO  o.e.m.c.i.l.LifecycleMappingFactory - Using org.maven.ide.eclipse.wtp.WarLifecycleMapping lifecycle mapping for MavenProject: com.tarena.springcase:springcase-netctoss:0.0.1-SNAPSHOT @ E:\workspace\Spring\day06_all\springcase-netctoss\pom.xml.
2021-08-01 17:49:59,871 [Worker-10: Importing Maven projects] INFO  o.e.m.j.i.AbstractJavaProjectConfigurator - Adding source folder /springcase-netctoss/src/main/java
2021-08-01 17:49:59,872 [Worker-10: Importing Maven projects] INFO  o.e.m.j.i.AbstractJavaProjectConfigurator - Adding resource folder /springcase-netctoss/src/main/resources
2021-08-01 17:49:59,873 [Worker-10: Importing Maven projects] INFO  o.e.m.j.i.AbstractJavaProjectConfigurator - Adding source folder /springcase-netctoss/src/test/java
2021-08-01 17:50:00,272 [Worker-10: Importing Maven projects] INFO  o.e.m.c.i.p.ProjectConfigurationManager - Imported and configured 1 project(s) in 4 sec
2021-08-01 17:50:01,782 [Worker-12: Download sources and javadoc] INFO  o.e.m.c.i.e.AbstractTransferListenerAdapter - Downloading https://repo.maven.apache.org/maven2/org/springframework/spring-webmvc/5.2.8.RELEASE/spring-webmvc-5.2.8.RELEASE-sources.jar
2021-08-01 17:50:02,345 [Worker-13: Building Project springcase-netctoss] WARN  o.e.m.c.i.embedder.EclipseLogger - Using platform encoding (GBK actually) to copy filtered resources, i.e. build is platform dependent!
2021-08-01 17:50:02,353 [Worker-13: Building Project springcase-netctoss] INFO  o.e.m.c.i.embedder.EclipseLogger - Copying 2 resources
2021-08-01 17:50:02,365 [Worker-13: Building Project springcase-netctoss] WARN  o.e.m.c.i.embedder.EclipseLogger - Using platform encoding (GBK actually) to copy filtered resources, i.e. build is platform dependent!
2021-08-01 17:50:02,366 [Worker-13: Building Project springcase-netctoss] INFO  o.e.m.c.i.embedder.EclipseLogger - skip non existing resourceDirectory E:\workspace\Spring\day06_all\springcase-netctoss\src\test\resources
2021-08-01 17:50:02,905 [Worker-12: Download sources and javadoc] INFO  o.e.m.c.i.e.AbstractTransferListenerAdapter - Downloaded https://repo.maven.apache.org/maven2/org/springframework/spring-webmvc/5.2.8.RELEASE/spring-webmvc-5.2.8.RELEASE-sources.jar
2021-08-01 17:50:02,910 [Worker-12: Download sources and javadoc] INFO  o.e.m.j.internal.DownloadSourcesJob - Downloaded sources for org.springframework:spring-webmvc:5.2.8.RELEASE
2021-08-01 17:50:03,657 [Worker-12: Download sources and javadoc] INFO  o.e.m.c.i.e.AbstractTransferListenerAdapter - Downloading https://repo.maven.apache.org/maven2/org/springframework/spring-aop/5.2.8.RELEASE/spring-aop-5.2.8.RELEASE-sources.jar
2021-08-01 17:50:04,479 [Worker-12: Download sources and javadoc] INFO  o.e.m.c.i.e.AbstractTransferListenerAdapter - Downloaded https://repo.maven.apache.org/maven2/org/springframework/spring-aop/5.2.8.RELEASE/spring-aop-5.2.8.RELEASE-sources.jar
2021-08-01 17:50:04,485 [Worker-12: Download sources and javadoc] INFO  o.e.m.j.internal.DownloadSourcesJob - Downloaded sources for org.springframework:spring-aop:5.2.8.RELEASE
2021-08-01 17:50:05,231 [Worker-12: Download sources and javadoc] INFO  o.e.m.c.i.e.AbstractTransferListenerAdapter - Downloading https://repo.maven.apache.org/maven2/org/springframework/spring-beans/5.2.8.RELEASE/spring-beans-5.2.8.RELEASE-sources.jar
2021-08-01 17:50:06,514 [Worker-12: Download sources and javadoc] INFO  o.e.m.c.i.e.AbstractTransferListenerAdapter - Downloaded https://repo.maven.apache.org/maven2/org/springframework/spring-beans/5.2.8.RELEASE/spring-beans-5.2.8.RELEASE-sources.jar
2021-08-01 17:50:06,518 [Worker-12: Download sources and javadoc] INFO  o.e.m.j.internal.DownloadSourcesJob - Downloaded sources for org.springframework:spring-beans:5.2.8.RELEASE
2021-08-01 17:50:07,203 [Worker-12: Download sources and javadoc] INFO  o.e.m.c.i.e.AbstractTransferListenerAdapter - Downloading https://repo.maven.apache.org/maven2/org/springframework/spring-context/5.2.8.RELEASE/spring-context-5.2.8.RELEASE-sources.jar
2021-08-01 17:50:08,313 [Worker-12: Download sources and javadoc] INFO  o.e.m.c.i.e.AbstractTransferListenerAdapter - Downloaded https://repo.maven.apache.org/maven2/org/springframework/spring-context/5.2.8.RELEASE/spring-context-5.2.8.RELEASE-sources.jar
2021-08-01 17:50:08,316 [Worker-12: Download sources and javadoc] INFO  o.e.m.j.internal.DownloadSourcesJob - Downloaded sources for org.springframework:spring-context:5.2.8.RELEASE
2021-08-01 17:50:09,042 [Worker-12: Download sources and javadoc] INFO  o.e.m.c.i.e.AbstractTransferListenerAdapter - Downloading https://repo.maven.apache.org/maven2/org/springframework/spring-core/5.2.8.RELEASE/spring-core-5.2.8.RELEASE-sources.jar
2021-08-01 17:50:10,199 [Worker-12: Download sources and javadoc] INFO  o.e.m.c.i.e.AbstractTransferListenerAdapter - Downloaded https://repo.maven.apache.org/maven2/org/springframework/spring-core/5.2.8.RELEASE/spring-core-5.2.8.RELEASE-sources.jar
2021-08-01 17:50:10,202 [Worker-12: Download sources and javadoc] INFO  o.e.m.j.internal.DownloadSourcesJob - Downloaded sources for org.springframework:spring-core:5.2.8.RELEASE
2021-08-01 17:50:10,886 [Worker-12: Download sources and javadoc] INFO  o.e.m.c.i.e.AbstractTransferListenerAdapter - Downloading https://repo.maven.apache.org/maven2/org/springframework/spring-jcl/5.2.8.RELEASE/spring-jcl-5.2.8.RELEASE-sources.jar
2021-08-01 17:50:11,229 [Worker-12: Download sources and javadoc] INFO  o.e.m.c.i.e.AbstractTransferListenerAdapter - Downloaded https://repo.maven.apache.org/maven2/org/springframework/spring-jcl/5.2.8.RELEASE/spring-jcl-5.2.8.RELEASE-sources.jar
2021-08-01 17:50:11,232 [Worker-12: Download sources and javadoc] INFO  o.e.m.j.internal.DownloadSourcesJob - Downloaded sources for org.springframework:spring-jcl:5.2.8.RELEASE
2021-08-01 17:50:11,947 [Worker-12: Download sources and javadoc] INFO  o.e.m.c.i.e.AbstractTransferListenerAdapter - Downloading https://repo.maven.apache.org/maven2/org/springframework/spring-expression/5.2.8.RELEASE/spring-expression-5.2.8.RELEASE-sources.jar
2021-08-01 17:50:12,532 [Worker-12: Download sources and javadoc] INFO  o.e.m.c.i.e.AbstractTransferListenerAdapter - Downloaded https://repo.maven.apache.org/maven2/org/springframework/spring-expression/5.2.8.RELEASE/spring-expression-5.2.8.RELEASE-sources.jar
2021-08-01 17:50:12,536 [Worker-12: Download sources and javadoc] INFO  o.e.m.j.internal.DownloadSourcesJob - Downloaded sources for org.springframework:spring-expression:5.2.8.RELEASE
2021-08-01 17:50:13,273 [Worker-12: Download sources and javadoc] INFO  o.e.m.c.i.e.AbstractTransferListenerAdapter - Downloading https://repo.maven.apache.org/maven2/org/springframework/spring-web/5.2.8.RELEASE/spring-web-5.2.8.RELEASE-sources.jar
2021-08-01 17:50:14,495 [Worker-12: Download sources and javadoc] INFO  o.e.m.c.i.e.AbstractTransferListenerAdapter - Downloaded https://repo.maven.apache.org/maven2/org/springframework/spring-web/5.2.8.RELEASE/spring-web-5.2.8.RELEASE-sources.jar
2021-08-01 17:50:14,499 [Worker-12: Download sources and javadoc] INFO  o.e.m.j.internal.DownloadSourcesJob - Downloaded sources for org.springframework:spring-web:5.2.8.RELEASE
2021-08-01 17:50:15,198 [Worker-12: Download sources and javadoc] INFO  o.e.m.c.i.e.AbstractTransferListenerAdapter - Downloading https://repo.maven.apache.org/maven2/org/apache/commons/commons-dbcp2/2.8.0/commons-dbcp2-2.8.0-sources.jar
2021-08-01 17:50:15,853 [Worker-12: Download sources and javadoc] INFO  o.e.m.c.i.e.AbstractTransferListenerAdapter - Downloaded https://repo.maven.apache.org/maven2/org/apache/commons/commons-dbcp2/2.8.0/commons-dbcp2-2.8.0-sources.jar
2021-08-01 17:50:15,865 [Worker-12: Download sources and javadoc] INFO  o.e.m.j.internal.DownloadSourcesJob - Downloaded sources for org.apache.commons:commons-dbcp2:2.8.0
2021-08-01 17:50:16,587 [Worker-12: Download sources and javadoc] INFO  o.e.m.c.i.e.AbstractTransferListenerAdapter - Downloading https://repo.maven.apache.org/maven2/org/apache/commons/commons-pool2/2.8.1/commons-pool2-2.8.1-sources.jar
2021-08-01 17:50:17,129 [Worker-12: Download sources and javadoc] INFO  o.e.m.c.i.e.AbstractTransferListenerAdapter - Downloaded https://repo.maven.apache.org/maven2/org/apache/commons/commons-pool2/2.8.1/commons-pool2-2.8.1-sources.jar
2021-08-01 17:50:17,133 [Worker-12: Download sources and javadoc] INFO  o.e.m.j.internal.DownloadSourcesJob - Downloaded sources for org.apache.commons:commons-pool2:2.8.1
2021-08-01 17:50:17,879 [Worker-12: Download sources and javadoc] INFO  o.e.m.c.i.e.AbstractTransferListenerAdapter - Downloading https://repo.maven.apache.org/maven2/commons-logging/commons-logging/1.2/commons-logging-1.2-sources.jar
2021-08-01 17:50:18,422 [Worker-12: Download sources and javadoc] INFO  o.e.m.c.i.e.AbstractTransferListenerAdapter - Downloaded https://repo.maven.apache.org/maven2/commons-logging/commons-logging/1.2/commons-logging-1.2-sources.jar
2021-08-01 17:50:18,426 [Worker-12: Download sources and javadoc] INFO  o.e.m.j.internal.DownloadSourcesJob - Downloaded sources for commons-logging:commons-logging:1.2
2021-08-01 17:50:19,181 [Worker-12: Download sources and javadoc] INFO  o.e.m.c.i.e.AbstractTransferListenerAdapter - Downloading https://repo.maven.apache.org/maven2/mysql/mysql-connector-java/8.0.24/mysql-connector-java-8.0.24-sources.jar
2021-08-01 17:50:21,953 [Worker-12: Download sources and javadoc] INFO  o.e.m.c.i.e.AbstractTransferListenerAdapter - Downloaded https://repo.maven.apache.org/maven2/mysql/mysql-connector-java/8.0.24/mysql-connector-java-8.0.24-sources.jar
2021-08-01 17:50:21,956 [Worker-12: Download sources and javadoc] INFO  o.e.m.j.internal.DownloadSourcesJob - Downloaded sources for mysql:mysql-connector-java:8.0.24
2021-08-01 17:50:22,621 [Worker-12: Download sources and javadoc] INFO  o.e.m.c.i.e.AbstractTransferListenerAdapter - Downloading https://repo.maven.apache.org/maven2/com/google/protobuf/protobuf-java/3.11.4/protobuf-java-3.11.4-sources.jar
2021-08-01 17:50:23,735 [Worker-12: Download sources and javadoc] INFO  o.e.m.c.i.e.AbstractTransferListenerAdapter - Downloaded https://repo.maven.apache.org/maven2/com/google/protobuf/protobuf-java/3.11.4/protobuf-java-3.11.4-sources.jar
2021-08-01 17:50:23,738 [Worker-12: Download sources and javadoc] INFO  o.e.m.j.internal.DownloadSourcesJob - Downloaded sources for com.google.protobuf:protobuf-java:3.11.4
2021-08-01 17:50:24,579 [Worker-12: Download sources and javadoc] INFO  o.e.m.c.i.e.AbstractTransferListenerAdapter - Downloading https://repo.maven.apache.org/maven2/junit/junit/4.12/junit-4.12-sources.jar
2021-08-01 17:50:25,317 [Worker-12: Download sources and javadoc] INFO  o.e.m.c.i.e.AbstractTransferListenerAdapter - Downloaded https://repo.maven.apache.org/maven2/junit/junit/4.12/junit-4.12-sources.jar
2021-08-01 17:50:25,320 [Worker-12: Download sources and javadoc] INFO  o.e.m.j.internal.DownloadSourcesJob - Downloaded sources for junit:junit:4.12
2021-08-01 17:50:25,985 [Worker-12: Download sources and javadoc] INFO  o.e.m.c.i.e.AbstractTransferListenerAdapter - Downloading https://repo.maven.apache.org/maven2/org/hamcrest/hamcrest-core/1.3/hamcrest-core-1.3-sources.jar
2021-08-01 17:50:26,327 [Worker-12: Download sources and javadoc] INFO  o.e.m.c.i.e.AbstractTransferListenerAdapter - Downloaded https://repo.maven.apache.org/maven2/org/hamcrest/hamcrest-core/1.3/hamcrest-core-1.3-sources.jar
2021-08-01 17:50:26,338 [Worker-12: Download sources and javadoc] INFO  o.e.m.j.internal.DownloadSourcesJob - Downloaded sources for org.hamcrest:hamcrest-core:1.3
2021-08-01 17:50:26,344 [Worker-12: Download sources and javadoc] INFO  o.e.m.j.internal.DownloadSourcesJob - Downloaded sources for org.springframework:spring-webmvc:5.2.8.RELEASE
2021-08-01 17:50:26,349 [Worker-12: Download sources and javadoc] INFO  o.e.m.j.internal.DownloadSourcesJob - Downloaded sources for org.springframework:spring-aop:5.2.8.RELEASE
2021-08-01 17:50:26,354 [Worker-12: Download sources and javadoc] INFO  o.e.m.j.internal.DownloadSourcesJob - Downloaded sources for org.springframework:spring-beans:5.2.8.RELEASE
2021-08-01 17:50:26,358 [Worker-12: Download sources and javadoc] INFO  o.e.m.j.internal.DownloadSourcesJob - Downloaded sources for org.springframework:spring-context:5.2.8.RELEASE
2021-08-01 17:50:26,361 [Worker-12: Download sources and javadoc] INFO  o.e.m.j.internal.DownloadSourcesJob - Downloaded sources for org.springframework:spring-core:5.2.8.RELEASE
2021-08-01 17:50:26,364 [Worker-12: Download sources and javadoc] INFO  o.e.m.j.internal.DownloadSourcesJob - Downloaded sources for org.springframework:spring-jcl:5.2.8.RELEASE
2021-08-01 17:50:26,366 [Worker-12: Download sources and javadoc] INFO  o.e.m.j.internal.DownloadSourcesJob - Downloaded sources for org.springframework:spring-expression:5.2.8.RELEASE
2021-08-01 17:50:26,369 [Worker-12: Download sources and javadoc] INFO  o.e.m.j.internal.DownloadSourcesJob - Downloaded sources for org.springframework:spring-web:5.2.8.RELEASE
2021-08-01 17:50:26,372 [Worker-12: Download sources and javadoc] INFO  o.e.m.j.internal.DownloadSourcesJob - Downloaded sources for org.apache.commons:commons-dbcp2:2.8.0
2021-08-01 17:50:26,374 [Worker-12: Download sources and javadoc] INFO  o.e.m.j.internal.DownloadSourcesJob - Downloaded sources for org.apache.commons:commons-pool2:2.8.1
2021-08-01 17:50:26,377 [Worker-12: Download sources and javadoc] INFO  o.e.m.j.internal.DownloadSourcesJob - Downloaded sources for commons-logging:commons-logging:1.2
2021-08-01 17:50:26,380 [Worker-12: Download sources and javadoc] INFO  o.e.m.j.internal.DownloadSourcesJob - Downloaded sources for mysql:mysql-connector-java:8.0.24
2021-08-01 17:50:26,382 [Worker-12: Download sources and javadoc] INFO  o.e.m.j.internal.DownloadSourcesJob - Downloaded sources for com.google.protobuf:protobuf-java:3.11.4
2021-08-01 17:50:26,386 [Worker-12: Download sources and javadoc] INFO  o.e.m.j.internal.DownloadSourcesJob - Downloaded sources for junit:junit:4.12
2021-08-01 17:50:26,389 [Worker-12: Download sources and javadoc] INFO  o.e.m.j.internal.DownloadSourcesJob - Downloaded sources for org.hamcrest:hamcrest-core:1.3
2021-08-01 17:50:26,671 [Worker-3: Building] WARN  o.e.m.c.i.embedder.EclipseLogger - Using platform encoding (GBK actually) to copy filtered resources, i.e. build is platform dependent!
2021-08-01 17:50:26,674 [Worker-3: Building] INFO  o.e.m.c.i.embedder.EclipseLogger - Copying 0 resource
2021-08-01 17:50:26,675 [Worker-3: Building] WARN  o.e.m.c.i.embedder.EclipseLogger - Using platform encoding (GBK actually) to copy filtered resources, i.e. build is platform dependent!
2021-08-01 17:50:26,676 [Worker-3: Building] INFO  o.e.m.c.i.embedder.EclipseLogger - skip non existing resourceDirectory E:\workspace\Spring\day06_all\springcase-netctoss\src\test\resources
2021-08-01 17:50:36,165 [Worker-6: Indexing Local Repository...] ERROR o.e.m.c.i.i.nexus.NexusIndexManager - Unable to re-index workspace://
java.nio.channels.OverlappingFileLockException: null
	at java.base/sun.nio.ch.FileLockTable.checkList(FileLockTable.java:229)
	at java.base/sun.nio.ch.FileLockTable.add(FileLockTable.java:123)
	at java.base/sun.nio.ch.FileChannelImpl.tryLock(FileChannelImpl.java:1297)
	at java.base/java.nio.channels.FileChannel.tryLock(FileChannel.java:1178)
	at org.apache.maven.index.context.DefaultIndexingContext.unlockForcibly(DefaultIndexingContext.java:927)
	at org.apache.maven.index.context.DefaultIndexingContext.prepareIndex(DefaultIndexingContext.java:244)
	at org.apache.maven.index.context.DefaultIndexingContext.purge(DefaultIndexingContext.java:612)
	at org.eclipse.m2e.core.internal.index.nexus.NexusIndexManager.reindexWorkspace(NexusIndexManager.java:561)
	at org.eclipse.m2e.core.internal.index.nexus.NexusIndexManager.updateIndex(NexusIndexManager.java:1074)
	at org.eclipse.m2e.core.internal.index.nexus.NexusIndex.updateIndex(NexusIndex.java:147)
	at org.eclipse.m2e.core.ui.internal.preferences.MavenSettingsPreferencePage$2.runInWorkspace(MavenSettingsPreferencePage.java:263)
	at org.eclipse.core.internal.resources.InternalWorkspaceJob.run(InternalWorkspaceJob.java:42)
	at org.eclipse.core.internal.jobs.Worker.run(Worker.java:63)
2021-08-01 17:50:40,448 [Worker-1: Updating Maven Dependencies] INFO  o.e.m.c.i.l.LifecycleMappingFactory - Using org.maven.ide.eclipse.wtp.WarLifecycleMapping lifecycle mapping for MavenProject: com.tarena.springcase:springcase-netctoss:0.0.1-SNAPSHOT @ E:\workspace\Spring\day06_all\springcase-netctoss\pom.xml.
2021-08-01 17:50:42,683 [Worker-4: Building] WARN  o.e.m.c.i.embedder.EclipseLogger - Using platform encoding (GBK actually) to copy filtered resources, i.e. build is platform dependent!
2021-08-01 17:50:42,687 [Worker-4: Building] INFO  o.e.m.c.i.embedder.EclipseLogger - Copying 2 resources
2021-08-01 17:50:42,698 [Worker-4: Building] WARN  o.e.m.c.i.embedder.EclipseLogger - Using platform encoding (GBK actually) to copy filtered resources, i.e. build is platform dependent!
2021-08-01 17:50:42,699 [Worker-4: Building] INFO  o.e.m.c.i.embedder.EclipseLogger - skip non existing resourceDirectory E:\workspace\Spring\day06_all\springcase-netctoss\src\test\resources
2021-08-01 17:51:09,218 [Worker-6: Building] WARN  o.e.m.c.i.embedder.EclipseLogger - Using platform encoding (GBK actually) to copy filtered resources, i.e. build is platform dependent!
2021-08-01 17:51:09,221 [Worker-6: Building] INFO  o.e.m.c.i.embedder.EclipseLogger - Copying 2 resources
2021-08-01 17:51:09,226 [Worker-6: Building] WARN  o.e.m.c.i.embedder.EclipseLogger - Using platform encoding (GBK actually) to copy filtered resources, i.e. build is platform dependent!
2021-08-01 17:51:09,227 [Worker-6: Building] INFO  o.e.m.c.i.embedder.EclipseLogger - skip non existing resourceDirectory E:\workspace\Spring\day06_all\springcase-netctoss\src\test\resources
2021-08-01 17:51:23,994 [Worker-11: Building] WARN  o.e.m.c.i.embedder.EclipseLogger - Using platform encoding (GBK actually) to copy filtered resources, i.e. build is platform dependent!
2021-08-01 17:51:23,996 [Worker-11: Building] INFO  o.e.m.c.i.embedder.EclipseLogger - Copying 2 resources
2021-08-01 17:51:24,001 [Worker-11: Building] WARN  o.e.m.c.i.embedder.EclipseLogger - Using platform encoding (GBK actually) to copy filtered resources, i.e. build is platform dependent!
2021-08-01 17:51:24,002 [Worker-11: Building] INFO  o.e.m.c.i.embedder.EclipseLogger - skip non existing resourceDirectory E:\workspace\Spring\day06_all\springcase-netctoss\src\test\resources
2021-08-01 17:52:20,877 [Worker-6: Rebuilding] WARN  o.e.m.c.i.embedder.EclipseLogger - Using platform encoding (GBK actually) to copy filtered resources, i.e. build is platform dependent!
2021-08-01 17:52:20,879 [Worker-6: Rebuilding] INFO  o.e.m.c.i.embedder.EclipseLogger - Copying 2 resources
2021-08-01 17:52:20,884 [Worker-6: Rebuilding] WARN  o.e.m.c.i.embedder.EclipseLogger - Using platform encoding (GBK actually) to copy filtered resources, i.e. build is platform dependent!
2021-08-01 17:52:20,885 [Worker-6: Rebuilding] INFO  o.e.m.c.i.embedder.EclipseLogger - skip non existing resourceDirectory E:\workspace\Spring\day06_all\springcase-netctoss\src\test\resources
2021-08-01 17:53:16,102 [Worker-12: Rebuilding] WARN  o.e.m.c.i.embedder.EclipseLogger - Using platform encoding (GBK actually) to copy filtered resources, i.e. build is platform dependent!
2021-08-01 17:53:16,104 [Worker-12: Rebuilding] INFO  o.e.m.c.i.embedder.EclipseLogger - Copying 2 resources
2021-08-01 17:53:16,109 [Worker-12: Rebuilding] WARN  o.e.m.c.i.embedder.EclipseLogger - Using platform encoding (GBK actually) to copy filtered resources, i.e. build is platform dependent!
2021-08-01 17:53:16,110 [Worker-12: Rebuilding] INFO  o.e.m.c.i.embedder.EclipseLogger - skip non existing resourceDirectory E:\workspace\Spring\day06_all\springcase-netctoss\src\test\resources
2021-08-01 17:53:26,906 [Worker-4: Building] WARN  o.e.m.c.i.embedder.EclipseLogger - Using platform encoding (GBK actually) to copy filtered resources, i.e. build is platform dependent!
2021-08-01 17:53:26,908 [Worker-4: Building] INFO  o.e.m.c.i.embedder.EclipseLogger - Copying 0 resource
2021-08-01 17:53:26,908 [Worker-4: Building] WARN  o.e.m.c.i.embedder.EclipseLogger - Using platform encoding (GBK actually) to copy filtered resources, i.e. build is platform dependent!
2021-08-01 17:53:26,909 [Worker-4: Building] INFO  o.e.m.c.i.embedder.EclipseLogger - skip non existing resourceDirectory E:\workspace\Spring\day06_all\springcase-netctoss\src\test\resources
2021-08-01 17:53:43,780 [Worker-9: Building Project springcase-netctoss] WARN  o.e.m.c.i.embedder.EclipseLogger - Using platform encoding (GBK actually) to copy filtered resources, i.e. build is platform dependent!
2021-08-01 17:53:43,782 [Worker-9: Building Project springcase-netctoss] INFO  o.e.m.c.i.embedder.EclipseLogger - Copying 2 resources
2021-08-01 17:53:43,788 [Worker-9: Building Project springcase-netctoss] WARN  o.e.m.c.i.embedder.EclipseLogger - Using platform encoding (GBK actually) to copy filtered resources, i.e. build is platform dependent!
2021-08-01 17:53:43,789 [Worker-9: Building Project springcase-netctoss] INFO  o.e.m.c.i.embedder.EclipseLogger - skip non existing resourceDirectory E:\workspace\Spring\day06_all\springcase-netctoss\src\test\resources
2021-08-01 17:54:06,078 [Worker-13: Building] WARN  o.e.m.c.i.embedder.EclipseLogger - Using platform encoding (GBK actually) to copy filtered resources, i.e. build is platform dependent!
2021-08-01 17:54:06,080 [Worker-13: Building] INFO  o.e.m.c.i.embedder.EclipseLogger - Copying 2 resources
2021-08-01 17:54:06,087 [Worker-13: Building] WARN  o.e.m.c.i.embedder.EclipseLogger - Using platform encoding (GBK actually) to copy filtered resources, i.e. build is platform dependent!
2021-08-01 17:54:06,088 [Worker-13: Building] INFO  o.e.m.c.i.embedder.EclipseLogger - skip non existing resourceDirectory E:\workspace\Spring\day06_all\springcase-netctoss\src\test\resources
2021-08-01 17:54:06,089 [Worker-13: Building] INFO  o.e.m.w.i.f.ResourceFilteringBuildParticipant - Changed resources require a complete clean of filtered resources of springcase-netctoss
2021-08-01 17:54:06,090 [Worker-13: Building] INFO  o.e.m.w.i.f.ResourceFilteringBuildParticipant - Executing resource filtering for springcase-netctoss
2021-08-01 17:54:06,103 [Worker-13: Building] WARN  o.e.m.c.i.embedder.EclipseLogger - Using platform encoding (GBK actually) to copy filtered resources, i.e. build is platform dependent!
2021-08-01 17:54:19,958 [Worker-9: Building] WARN  o.e.m.c.i.embedder.EclipseLogger - Using platform encoding (GBK actually) to copy filtered resources, i.e. build is platform dependent!
2021-08-01 17:54:19,960 [Worker-9: Building] INFO  o.e.m.c.i.embedder.EclipseLogger - Copying 2 resources
2021-08-01 17:54:19,965 [Worker-9: Building] WARN  o.e.m.c.i.embedder.EclipseLogger - Using platform encoding (GBK actually) to copy filtered resources, i.e. build is platform dependent!
2021-08-01 17:54:19,966 [Worker-9: Building] INFO  o.e.m.c.i.embedder.EclipseLogger - skip non existing resourceDirectory E:\workspace\Spring\day06_all\springcase-netctoss\src\test\resources
2021-08-01 17:56:12,838 [Worker-5: Building] WARN  o.e.m.c.i.embedder.EclipseLogger - Using platform encoding (GBK actually) to copy filtered resources, i.e. build is platform dependent!
2021-08-01 17:56:12,840 [Worker-5: Building] INFO  o.e.m.c.i.embedder.EclipseLogger - Copying 2 resources
2021-08-01 17:56:12,846 [Worker-5: Building] WARN  o.e.m.c.i.embedder.EclipseLogger - Using platform encoding (GBK actually) to copy filtered resources, i.e. build is platform dependent!
2021-08-01 17:56:12,847 [Worker-5: Building] INFO  o.e.m.c.i.embedder.EclipseLogger - skip non existing resourceDirectory E:\workspace\Spring\day06_all\springcase-netctoss\src\test\resources
2021-08-01 17:58:13,087 [Worker-8: Building] WARN  o.e.m.c.i.embedder.EclipseLogger - Using platform encoding (GBK actually) to copy filtered resources, i.e. build is platform dependent!
2021-08-01 17:58:13,089 [Worker-8: Building] INFO  o.e.m.c.i.embedder.EclipseLogger - Copying 1 resource
2021-08-01 17:58:13,092 [Worker-8: Building] WARN  o.e.m.c.i.embedder.EclipseLogger - Using platform encoding (GBK actually) to copy filtered resources, i.e. build is platform dependent!
2021-08-01 17:58:13,093 [Worker-8: Building] INFO  o.e.m.c.i.embedder.EclipseLogger - skip non existing resourceDirectory E:\workspace\Spring\day06_all\springcase-netctoss\src\test\resources
2021-08-01 17:58:51,751 [Worker-13: Building] WARN  o.e.m.c.i.embedder.EclipseLogger - Using platform encoding (GBK actually) to copy filtered resources, i.e. build is platform dependent!
2021-08-01 17:58:51,752 [Worker-13: Building] INFO  o.e.m.c.i.embedder.EclipseLogger - Copying 0 resource
2021-08-01 17:58:51,753 [Worker-13: Building] WARN  o.e.m.c.i.embedder.EclipseLogger - Using platform encoding (GBK actually) to copy filtered resources, i.e. build is platform dependent!
2021-08-01 17:58:51,754 [Worker-13: Building] INFO  o.e.m.c.i.embedder.EclipseLogger - skip non existing resourceDirectory E:\workspace\Spring\day06_all\springcase-netctoss\src\test\resources
2021-08-01 17:59:03,381 [Worker-6: Building] WARN  o.e.m.c.i.embedder.EclipseLogger - Using platform encoding (GBK actually) to copy filtered resources, i.e. build is platform dependent!
2021-08-01 17:59:03,383 [Worker-6: Building] INFO  o.e.m.c.i.embedder.EclipseLogger - Copying 1 resource
2021-08-01 17:59:03,386 [Worker-6: Building] WARN  o.e.m.c.i.embedder.EclipseLogger - Using platform encoding (GBK actually) to copy filtered resources, i.e. build is platform dependent!
2021-08-01 17:59:03,387 [Worker-6: Building] INFO  o.e.m.c.i.embedder.EclipseLogger - skip non existing resourceDirectory E:\workspace\Spring\day06_all\springcase-netctoss\src\test\resources
2021-08-01 17:59:09,613 [Worker-6: Building] WARN  o.e.m.c.i.embedder.EclipseLogger - Using platform encoding (GBK actually) to copy filtered resources, i.e. build is platform dependent!
2021-08-01 17:59:09,614 [Worker-6: Building] INFO  o.e.m.c.i.embedder.EclipseLogger - Copying 1 resource
2021-08-01 17:59:09,617 [Worker-6: Building] WARN  o.e.m.c.i.embedder.EclipseLogger - Using platform encoding (GBK actually) to copy filtered resources, i.e. build is platform dependent!
2021-08-01 17:59:09,618 [Worker-6: Building] INFO  o.e.m.c.i.embedder.EclipseLogger - skip non existing resourceDirectory E:\workspace\Spring\day06_all\springcase-netctoss\src\test\resources
2021-08-01 17:59:15,573 [Worker-8: Building] WARN  o.e.m.c.i.embedder.EclipseLogger - Using platform encoding (GBK actually) to copy filtered resources, i.e. build is platform dependent!
2021-08-01 17:59:15,574 [Worker-8: Building] INFO  o.e.m.c.i.embedder.EclipseLogger - Copying 1 resource
2021-08-01 17:59:15,578 [Worker-8: Building] WARN  o.e.m.c.i.embedder.EclipseLogger - Using platform encoding (GBK actually) to copy filtered resources, i.e. build is platform dependent!
2021-08-01 17:59:15,579 [Worker-8: Building] INFO  o.e.m.c.i.embedder.EclipseLogger - skip non existing resourceDirectory E:\workspace\Spring\day06_all\springcase-netctoss\src\test\resources
2021-08-01 17:59:20,805 [Worker-5: Building] WARN  o.e.m.c.i.embedder.EclipseLogger - Using platform encoding (GBK actually) to copy filtered resources, i.e. build is platform dependent!
2021-08-01 17:59:20,806 [Worker-5: Building] INFO  o.e.m.c.i.embedder.EclipseLogger - Copying 1 resource
2021-08-01 17:59:20,810 [Worker-5: Building] WARN  o.e.m.c.i.embedder.EclipseLogger - Using platform encoding (GBK actually) to copy filtered resources, i.e. build is platform dependent!
2021-08-01 17:59:20,811 [Worker-5: Building] INFO  o.e.m.c.i.embedder.EclipseLogger - skip non existing resourceDirectory E:\workspace\Spring\day06_all\springcase-netctoss\src\test\resources
2021-08-01 17:59:28,094 [Worker-7: Building] WARN  o.e.m.c.i.embedder.EclipseLogger - Using platform encoding (GBK actually) to copy filtered resources, i.e. build is platform dependent!
2021-08-01 17:59:28,095 [Worker-7: Building] INFO  o.e.m.c.i.embedder.EclipseLogger - Copying 1 resource
2021-08-01 17:59:28,099 [Worker-7: Building] WARN  o.e.m.c.i.embedder.EclipseLogger - Using platform encoding (GBK actually) to copy filtered resources, i.e. build is platform dependent!
2021-08-01 17:59:28,099 [Worker-7: Building] INFO  o.e.m.c.i.embedder.EclipseLogger - skip non existing resourceDirectory E:\workspace\Spring\day06_all\springcase-netctoss\src\test\resources
2021-08-01 17:59:32,867 [Worker-6: Building] WARN  o.e.m.c.i.embedder.EclipseLogger - Using platform encoding (GBK actually) to copy filtered resources, i.e. build is platform dependent!
2021-08-01 17:59:32,869 [Worker-6: Building] INFO  o.e.m.c.i.embedder.EclipseLogger - Copying 1 resource
2021-08-01 17:59:32,872 [Worker-6: Building] WARN  o.e.m.c.i.embedder.EclipseLogger - Using platform encoding (GBK actually) to copy filtered resources, i.e. build is platform dependent!
2021-08-01 17:59:32,873 [Worker-6: Building] INFO  o.e.m.c.i.embedder.EclipseLogger - skip non existing resourceDirectory E:\workspace\Spring\day06_all\springcase-netctoss\src\test\resources
2021-08-01 17:59:37,738 [Worker-11: Building] WARN  o.e.m.c.i.embedder.EclipseLogger - Using platform encoding (GBK actually) to copy filtered resources, i.e. build is platform dependent!
2021-08-01 17:59:37,740 [Worker-11: Building] INFO  o.e.m.c.i.embedder.EclipseLogger - Copying 1 resource
2021-08-01 17:59:37,743 [Worker-11: Building] WARN  o.e.m.c.i.embedder.EclipseLogger - Using platform encoding (GBK actually) to copy filtered resources, i.e. build is platform dependent!
2021-08-01 17:59:37,744 [Worker-11: Building] INFO  o.e.m.c.i.embedder.EclipseLogger - skip non existing resourceDirectory E:\workspace\Spring\day06_all\springcase-netctoss\src\test\resources
2021-08-01 17:59:41,871 [Worker-3: Building] WARN  o.e.m.c.i.embedder.EclipseLogger - Using platform encoding (GBK actually) to copy filtered resources, i.e. build is platform dependent!
2021-08-01 17:59:41,872 [Worker-3: Building] INFO  o.e.m.c.i.embedder.EclipseLogger - Copying 1 resource
2021-08-01 17:59:41,874 [Worker-3: Building] WARN  o.e.m.c.i.embedder.EclipseLogger - Using platform encoding (GBK actually) to copy filtered resources, i.e. build is platform dependent!
2021-08-01 17:59:41,875 [Worker-3: Building] INFO  o.e.m.c.i.embedder.EclipseLogger - skip non existing resourceDirectory E:\workspace\Spring\day06_all\springcase-netctoss\src\test\resources
2021-08-01 17:59:47,883 [Worker-5: Building] WARN  o.e.m.c.i.embedder.EclipseLogger - Using platform encoding (GBK actually) to copy filtered resources, i.e. build is platform dependent!
2021-08-01 17:59:47,883 [Worker-5: Building] INFO  o.e.m.c.i.embedder.EclipseLogger - Copying 1 resource
2021-08-01 17:59:47,885 [Worker-5: Building] WARN  o.e.m.c.i.embedder.EclipseLogger - Using platform encoding (GBK actually) to copy filtered resources, i.e. build is platform dependent!
2021-08-01 17:59:47,886 [Worker-5: Building] INFO  o.e.m.c.i.embedder.EclipseLogger - skip non existing resourceDirectory E:\workspace\Spring\day06_all\springcase-netctoss\src\test\resources
2021-08-01 17:59:55,073 [Worker-5: Building] WARN  o.e.m.c.i.embedder.EclipseLogger - Using platform encoding (GBK actually) to copy filtered resources, i.e. build is platform dependent!
2021-08-01 17:59:55,075 [Worker-5: Building] INFO  o.e.m.c.i.embedder.EclipseLogger - Copying 1 resource
2021-08-01 17:59:55,078 [Worker-5: Building] WARN  o.e.m.c.i.embedder.EclipseLogger - Using platform encoding (GBK actually) to copy filtered resources, i.e. build is platform dependent!
2021-08-01 17:59:55,079 [Worker-5: Building] INFO  o.e.m.c.i.embedder.EclipseLogger - skip non existing resourceDirectory E:\workspace\Spring\day06_all\springcase-netctoss\src\test\resources
2021-08-01 18:00:00,802 [Worker-0: Building] WARN  o.e.m.c.i.embedder.EclipseLogger - Using platform encoding (GBK actually) to copy filtered resources, i.e. build is platform dependent!
2021-08-01 18:00:00,804 [Worker-0: Building] INFO  o.e.m.c.i.embedder.EclipseLogger - Copying 1 resource
2021-08-01 18:00:00,806 [Worker-0: Building] WARN  o.e.m.c.i.embedder.EclipseLogger - Using platform encoding (GBK actually) to copy filtered resources, i.e. build is platform dependent!
2021-08-01 18:00:00,807 [Worker-0: Building] INFO  o.e.m.c.i.embedder.EclipseLogger - skip non existing resourceDirectory E:\workspace\Spring\day06_all\springcase-netctoss\src\test\resources
2021-08-01 18:00:05,832 [Worker-9: Building] WARN  o.e.m.c.i.embedder.EclipseLogger - Using platform encoding (GBK actually) to copy filtered resources, i.e. build is platform dependent!
2021-08-01 18:00:05,832 [Worker-9: Building] INFO  o.e.m.c.i.embedder.EclipseLogger - Copying 1 resource
2021-08-01 18:00:05,834 [Worker-9: Building] WARN  o.e.m.c.i.embedder.EclipseLogger - Using platform encoding (GBK actually) to copy filtered resources, i.e. build is platform dependent!
2021-08-01 18:00:05,835 [Worker-9: Building] INFO  o.e.m.c.i.embedder.EclipseLogger - skip non existing resourceDirectory E:\workspace\Spring\day06_all\springcase-netctoss\src\test\resources
2021-08-01 18:00:12,410 [Worker-1: Building] WARN  o.e.m.c.i.embedder.EclipseLogger - Using platform encoding (GBK actually) to copy filtered resources, i.e. build is platform dependent!
2021-08-01 18:00:12,411 [Worker-1: Building] INFO  o.e.m.c.i.embedder.EclipseLogger - Copying 1 resource
2021-08-01 18:00:12,413 [Worker-1: Building] WARN  o.e.m.c.i.embedder.EclipseLogger - Using platform encoding (GBK actually) to copy filtered resources, i.e. build is platform dependent!
2021-08-01 18:00:12,413 [Worker-1: Building] INFO  o.e.m.c.i.embedder.EclipseLogger - skip non existing resourceDirectory E:\workspace\Spring\day06_all\springcase-netctoss\src\test\resources
2021-08-01 18:01:52,872 [Worker-0: Building] WARN  o.e.m.c.i.embedder.EclipseLogger - Using platform encoding (GBK actually) to copy filtered resources, i.e. build is platform dependent!
2021-08-01 18:01:52,872 [Worker-0: Building] INFO  o.e.m.c.i.embedder.EclipseLogger - Copying 0 resource
2021-08-01 18:01:52,873 [Worker-0: Building] WARN  o.e.m.c.i.embedder.EclipseLogger - Using platform encoding (GBK actually) to copy filtered resources, i.e. build is platform dependent!
2021-08-01 18:01:52,874 [Worker-0: Building] INFO  o.e.m.c.i.embedder.EclipseLogger - skip non existing resourceDirectory E:\workspace\Spring\day06_all\springcase-netctoss\src\test\resources
2021-08-01 18:02:01,238 [Worker-1: Building] WARN  o.e.m.c.i.embedder.EclipseLogger - Using platform encoding (GBK actually) to copy filtered resources, i.e. build is platform dependent!
2021-08-01 18:02:01,239 [Worker-1: Building] INFO  o.e.m.c.i.embedder.EclipseLogger - Copying 0 resource
2021-08-01 18:02:01,239 [Worker-1: Building] WARN  o.e.m.c.i.embedder.EclipseLogger - Using platform encoding (GBK actually) to copy filtered resources, i.e. build is platform dependent!
2021-08-01 18:02:01,240 [Worker-1: Building] INFO  o.e.m.c.i.embedder.EclipseLogger - skip non existing resourceDirectory E:\workspace\Spring\day06_all\springcase-netctoss\src\test\resources
2021-08-01 18:02:50,019 [Worker-6: Building] WARN  o.e.m.c.i.embedder.EclipseLogger - Using platform encoding (GBK actually) to copy filtered resources, i.e. build is platform dependent!
2021-08-01 18:02:50,020 [Worker-6: Building] INFO  o.e.m.c.i.embedder.EclipseLogger - Copying 0 resource
2021-08-01 18:02:50,021 [Worker-6: Building] WARN  o.e.m.c.i.embedder.EclipseLogger - Using platform encoding (GBK actually) to copy filtered resources, i.e. build is platform dependent!
2021-08-01 18:02:50,022 [Worker-6: Building] INFO  o.e.m.c.i.embedder.EclipseLogger - skip non existing resourceDirectory E:\workspace\Spring\day06_all\springcase-netctoss\src\test\resources
